2024-12-15 19:23:49 [restartedMain] [INFO ] k.j.u.UpsideDownApplicationKt - Starting UpsideDownApplicationKt using Java 17.0.13 with PID 7144 (C:\dev_files\intelliJ_repo\upsideDown\build\classes\kotlin\main started by jinoo in C:\dev_files\intelliJ_repo\upsideDown)
2024-12-15 19:23:49 [restartedMain] [DEBUG] k.j.u.UpsideDownApplicationKt - Running with Spring Boot v3.4.0, Spring v6.2.0
2024-12-15 19:23:49 [restartedMain] [INFO ] k.j.u.UpsideDownApplicationKt - The following 3 profiles are active: "prod", "logging-type-file", "logging-level-prod"
2024-12-15 19:23:49 [restartedMain] [INFO ] o.s.b.d.e.DevToolsPropertyDefaultsPostProcessor - Devtools property defaults active! Set 'spring.devtools.add-properties' to 'false' to disable
2024-12-15 19:23:49 [restartedMain] [INFO ] o.s.b.d.e.DevToolsPropertyDefaultsPostProcessor - For additional web related logging consider setting the 'logging.level.web' property to 'DEBUG'
2024-12-15 19:23:50 [restartedMain] [INFO ] o.s.b.w.e.tomcat.TomcatWebServer - Tomcat initialized with port 8090 (http)
2024-12-15 19:23:50 [restartedMain] [INFO ] o.a.coyote.http11.Http11NioProtocol - Initializing ProtocolHandler ["http-nio-8090"]
2024-12-15 19:23:50 [restartedMain] [INFO ] o.a.catalina.core.StandardService - Starting service [Tomcat]
2024-12-15 19:23:50 [restartedMain] [INFO ] o.a.catalina.core.StandardEngine - Starting Servlet engine: [Apache Tomcat/10.1.33]
2024-12-15 19:23:50 [restartedMain] [INFO ] o.a.c.c.C.[Tomcat].[localhost].[/] - Initializing Spring embedded WebApplicationContext
2024-12-15 19:23:50 [restartedMain] [INFO ] o.s.b.w.s.c.ServletWebServerApplicationContext - Root WebApplicationContext: initialization completed in 952 ms
2024-12-15 19:23:50 [restartedMain] [INFO ] o.s.b.a.w.s.WelcomePageHandlerMapping - Adding welcome page template: index
2024-12-15 19:23:50 [restartedMain] [INFO ] o.s.b.d.a.OptionalLiveReloadServer - LiveReload server is running on port 35729
2024-12-15 19:23:50 [restartedMain] [INFO ] o.a.coyote.http11.Http11NioProtocol - Starting ProtocolHandler ["http-nio-8090"]
2024-12-15 19:23:50 [restartedMain] [INFO ] o.s.b.w.e.tomcat.TomcatWebServer - Tomcat started on port 8090 (http) with context path '/'
2024-12-15 19:23:50 [restartedMain] [INFO ] k.j.u.UpsideDownApplicationKt - Started UpsideDownApplicationKt in 1.794 seconds (process running for 2.132)
2024-12-15 19:24:53 [SpringApplicationShutdownHook] [INFO ] o.s.b.w.e.tomcat.GracefulShutdown - Commencing graceful shutdown. Waiting for active requests to complete
2024-12-15 19:24:53 [tomcat-shutdown] [INFO ] o.s.b.w.e.tomcat.GracefulShutdown - Graceful shutdown complete
2024-12-15 19:26:11 [restartedMain] [INFO ] k.j.u.UpsideDownApplicationKt - Starting UpsideDownApplicationKt using Java 17.0.13 with PID 13040 (C:\dev_files\intelliJ_repo\upsideDown\build\classes\kotlin\main started by jinoo in C:\dev_files\intelliJ_repo\upsideDown)
2024-12-15 19:26:11 [restartedMain] [INFO ] k.j.u.UpsideDownApplicationKt - The following 3 profiles are active: "prod", "logging-type-file", "logging-level-prod"
2024-12-15 19:26:11 [restartedMain] [INFO ] o.s.b.d.e.DevToolsPropertyDefaultsPostProcessor - Devtools property defaults active! Set 'spring.devtools.add-properties' to 'false' to disable
2024-12-15 19:26:11 [restartedMain] [INFO ] o.s.b.d.e.DevToolsPropertyDefaultsPostProcessor - For additional web related logging consider setting the 'logging.level.web' property to 'DEBUG'
2024-12-15 19:26:12 [restartedMain] [INFO ] o.s.b.w.e.tomcat.TomcatWebServer - Tomcat initialized with port 8080 (http)
2024-12-15 19:26:12 [restartedMain] [INFO ] o.a.coyote.http11.Http11NioProtocol - Initializing ProtocolHandler ["http-nio-8080"]
2024-12-15 19:26:12 [restartedMain] [INFO ] o.a.catalina.core.StandardService - Starting service [Tomcat]
2024-12-15 19:26:12 [restartedMain] [INFO ] o.a.catalina.core.StandardEngine - Starting Servlet engine: [Apache Tomcat/10.1.33]
2024-12-15 19:26:12 [restartedMain] [INFO ] o.a.c.c.C.[Tomcat].[localhost].[/] - Initializing Spring embedded WebApplicationContext
2024-12-15 19:26:12 [restartedMain] [INFO ] o.s.b.w.s.c.ServletWebServerApplicationContext - Root WebApplicationContext: initialization completed in 935 ms
2024-12-15 19:26:12 [restartedMain] [INFO ] o.s.b.a.w.s.WelcomePageHandlerMapping - Adding welcome page template: index
2024-12-15 19:26:12 [restartedMain] [INFO ] o.s.b.d.a.OptionalLiveReloadServer - LiveReload server is running on port 35729
2024-12-15 19:26:12 [restartedMain] [INFO ] o.a.coyote.http11.Http11NioProtocol - Starting ProtocolHandler ["http-nio-8080"]
2024-12-15 19:26:12 [restartedMain] [INFO ] o.s.b.w.e.tomcat.TomcatWebServer - Tomcat started on port 8080 (http) with context path '/'
2024-12-15 19:26:12 [restartedMain] [INFO ] k.j.u.UpsideDownApplicationKt - Started UpsideDownApplicationKt in 1.756 seconds (process running for 2.091)
2024-12-15 19:26:15 [http-nio-8080-exec-1] [INFO ] o.a.c.c.C.[Tomcat].[localhost].[/] - Initializing Spring DispatcherServlet 'dispatcherServlet'
2024-12-15 19:26:15 [http-nio-8080-exec-1] [INFO ] o.s.web.servlet.DispatcherServlet - Initializing Servlet 'dispatcherServlet'
2024-12-15 19:26:15 [http-nio-8080-exec-1] [INFO ] o.s.web.servlet.DispatcherServlet - Completed initialization in 0 ms
2024-12-15 19:26:16 [http-nio-8080-exec-1] [INFO ] k.j.u.controller.HomeController - home > 
2024-12-15 19:26:27 [http-nio-8080-exec-2] [INFO ] k.j.u.controller.HomeController - home > 
2024-12-15 19:26:37 [SpringApplicationShutdownHook] [INFO ] o.s.b.w.e.tomcat.GracefulShutdown - Commencing graceful shutdown. Waiting for active requests to complete
2024-12-15 19:26:37 [tomcat-shutdown] [INFO ] o.s.b.w.e.tomcat.GracefulShutdown - Graceful shutdown complete
